Exception at PC 0x000007FEFD02940D
Exception at PC 0x000007FEFD02940D
Exception at PC 0x000007FEFD02940D
Exception at PC 0x000007FEFD02940D
Exception at PC 0x000007FEB671E132
Attemped to write at address 0x000007FEE7ED4AA4
Printing stacktrace...

[0]  [0x000007FEB671E132]
[1]  [0x000007FEB671E132]
[2]  [0x000007FEB671E194]
[3]  [0x000007FEB636D0D7]
[4]  [0x000007FEB6252BCA]
[5]  [0x000007FEB6252FD1]
[6]  [0x000007FEB671EB2F]
[7]  [0x000007FEB65DC19D]
[8]  [0x000007FEB65D5942]
[9]  [0x000007FEB65D5AB5]
[10] (LdrShutdownProcess+0x1d1) [0x0000000076EA43A1]
[11] (RtlExitUserProcess+0x90) [0x0000000076EA41B0]
[12] (wcstoui64+0x2fa) [0x000007FEFEA499E2]
[13]  [0x00000000004014CD]
[14]  [0x000000000040151B]
[15] (BaseThreadInitThunk+0xd) [0x0000000076C7652D]
[16] (RtlUserThreadStart+0x21) [0x0000000076EAC541]
Done
