Copyright 1986-2018 Xilinx, Inc. All Rights Reserved.
------------------------------------------------------------------------------------
| Tool Version : Vivado v.2018.3 (win64) Build 2405991 Thu Dec  6 23:38:27 MST 2018
| Date         : Thu Jun  2 21:27:45 2022
| Host         : MS-20150520OJYQ running 64-bit Service Pack 1  (build 7601)
| Command      : upgrade_ip
| Device       : xc7z010clg400-1
------------------------------------------------------------------------------------

Upgrade Log for IP 'mpram_blk_mem_gen_0_0'

1. Summary
----------

SUCCESS in the upgrade of mpram_blk_mem_gen_0_0 (xilinx.com:ip:blk_mem_gen:8.4) from (Rev. 1) to (Rev. 2)






Copyright 1986-2018 Xilinx, Inc. All Rights Reserved.
------------------------------------------------------------------------------------
| Tool Version : Vivado v.2018.3 (win64) Build 2405991 Thu Dec  6 23:38:27 MST 2018
| Date         : Thu Jun  2 21:27:45 2022
| Host         : MS-20150520OJYQ running 64-bit Service Pack 1  (build 7601)
| Command      : upgrade_ip
| Device       : xc7z010clg400-1
------------------------------------------------------------------------------------

Upgrade Log for IP 'mpram_axi_interconnect_0_0'

1. Summary
----------

SUCCESS in the upgrade of mpram_axi_interconnect_0_0 (xilinx.com:ip:axi_interconnect:2.1) from (Rev. 16) to (Rev. 19)






Copyright 1986-2018 Xilinx, Inc. All Rights Reserved.
------------------------------------------------------------------------------------
| Tool Version : Vivado v.2018.3 (win64) Build 2405991 Thu Dec  6 23:38:27 MST 2018
| Date         : Thu Jun  2 21:27:45 2022
| Host         : MS-20150520OJYQ running 64-bit Service Pack 1  (build 7601)
| Command      : upgrade_ip
| Device       : xc7z010clg400-1
------------------------------------------------------------------------------------

Upgrade Log for IP 'mpram_axi_bram_ctrl_0_0'

1. Summary
----------

SUCCESS in the upgrade of mpram_axi_bram_ctrl_0_0 from xilinx.com:ip:axi_bram_ctrl:4.0 (Rev. 13) to xilinx.com:ip:axi_bram_ctrl:4.1






Copyright 1986-2018 Xilinx, Inc. All Rights Reserved.
------------------------------------------------------------------------------------
| Tool Version : Vivado v.2018.3 (win64) Build 2405991 Thu Dec  6 23:38:27 MST 2018
| Date         : Thu Jun  2 21:27:33 2022
| Host         : MS-20150520OJYQ running 64-bit Service Pack 1  (build 7601)
| Command      : upgrade_ip
| Device       : xc7z010clg400-1
------------------------------------------------------------------------------------

Upgrade Log for IP 'fp_multiply'

1. Summary
----------

SUCCESS in the upgrade of fp_multiply (xilinx.com:ip:floating_point:7.1) from (Rev. 5) to (Rev. 7)






Copyright 1986-2018 Xilinx, Inc. All Rights Reserved.
------------------------------------------------------------------------------------
| Tool Version : Vivado v.2018.3 (win64) Build 2405991 Thu Dec  6 23:38:27 MST 2018
| Date         : Thu Jun  2 21:27:27 2022
| Host         : MS-20150520OJYQ running 64-bit Service Pack 1  (build 7601)
| Command      : upgrade_ip
| Device       : xc7z010clg400-1
------------------------------------------------------------------------------------

Upgrade Log for IP 'fp_divide'

1. Summary
----------

SUCCESS in the upgrade of fp_divide (xilinx.com:ip:floating_point:7.1) from (Rev. 5) to (Rev. 7)






Copyright 1986-2018 Xilinx, Inc. All Rights Reserved.
------------------------------------------------------------------------------------
| Tool Version : Vivado v.2018.3 (win64) Build 2405991 Thu Dec  6 23:38:27 MST 2018
| Date         : Thu Jun  2 21:27:20 2022
| Host         : MS-20150520OJYQ running 64-bit Service Pack 1  (build 7601)
| Command      : upgrade_ip
| Device       : xc7z010clg400-1
------------------------------------------------------------------------------------

Upgrade Log for IP 'fp_accumulator'

1. Summary
----------

SUCCESS in the upgrade of fp_accumulator (xilinx.com:ip:floating_point:7.1) from (Rev. 5) to (Rev. 7)






Copyright 1986-2018 Xilinx, Inc. All Rights Reserved.
------------------------------------------------------------------------------------
| Tool Version : Vivado v.2018.3 (win64) Build 2405991 Thu Dec  6 23:38:27 MST 2018
| Date         : Thu Jun  2 21:27:14 2022
| Host         : MS-20150520OJYQ running 64-bit Service Pack 1  (build 7601)
| Command      : upgrade_ip
| Device       : xc7z010clg400-1
------------------------------------------------------------------------------------

Upgrade Log for IP 'design_1_rst_ps7_0_50M_0'

1. Summary
----------

SUCCESS in the upgrade of design_1_rst_ps7_0_50M_0 (xilinx.com:ip:proc_sys_reset:5.0) from (Rev. 12) to (Rev. 13)






Copyright 1986-2018 Xilinx, Inc. All Rights Reserved.
------------------------------------------------------------------------------------
| Tool Version : Vivado v.2018.3 (win64) Build 2405991 Thu Dec  6 23:38:27 MST 2018
| Date         : Thu Jun  2 21:27:14 2022
| Host         : MS-20150520OJYQ running 64-bit Service Pack 1  (build 7601)
| Command      : upgrade_ip
| Device       : xc7z010clg400-1
------------------------------------------------------------------------------------

Upgrade Log for IP 'design_1_blk_mem_gen_0_0'

1. Summary
----------

SUCCESS in the upgrade of design_1_blk_mem_gen_0_0 (xilinx.com:ip:blk_mem_gen:8.4) from (Rev. 1) to (Rev. 2)






Copyright 1986-2018 Xilinx, Inc. All Rights Reserved.
------------------------------------------------------------------------------------
| Tool Version : Vivado v.2018.3 (win64) Build 2405991 Thu Dec  6 23:38:27 MST 2018
| Date         : Thu Jun  2 21:27:14 2022
| Host         : MS-20150520OJYQ running 64-bit Service Pack 1  (build 7601)
| Command      : upgrade_ip
| Device       : xc7z010clg400-1
------------------------------------------------------------------------------------

Upgrade Log for IP 'design_1_axi_smc_0'

1. Summary
----------

SUCCESS in the upgrade of design_1_axi_smc_0 (xilinx.com:ip:smartconnect:1.0) from (Rev. 7) to (Rev. 10)

After upgrade, an IP may have parameter and port differences compared to the original customization. Please review the parameters within the IP customization GUI to ensure proper functionality. Also, please review the updated IP instantiation template to ensure proper connectivity, and update your design if required.

2. Interface Information
------------------------

Detected external interface differences while upgrading 'design_1_axi_smc_0'.



3. Connection Warnings
----------------------

Detected external port differences while upgrading 'design_1_axi_smc_0'. These changes may impact your design.








Copyright 1986-2018 Xilinx, Inc. All Rights Reserved.
------------------------------------------------------------------------------------
| Tool Version : Vivado v.2018.3 (win64) Build 2405991 Thu Dec  6 23:38:27 MST 2018
| Date         : Thu Jun  2 21:27:14 2022
| Host         : MS-20150520OJYQ running 64-bit Service Pack 1  (build 7601)
| Command      : upgrade_ip
| Device       : xc7z010clg400-1
------------------------------------------------------------------------------------

Upgrade Log for IP 'design_1_axi_bram_ctrl_0_0'

1. Summary
----------

SUCCESS in the upgrade of design_1_axi_bram_ctrl_0_0 from xilinx.com:ip:axi_bram_ctrl:4.0 (Rev. 13) to xilinx.com:ip:axi_bram_ctrl:4.1

